  release grps headers and sources
  unicode/utf16
  internal/race
  runtime/internal/sys
  internal/syscall/windows/sysdll
  internal/unsafeheader
  runtime/internal/atomic
  internal/cpu
  sync/atomic
  math/bits
  unicode/utf8
  unicode
  container/list
  runtime/internal/math
  crypto/internal/subtle
  crypto/subtle
  vendor/golang.org/x/crypto/cryptobyte/asn1
  internal/nettrace
  vendor/golang.org/x/crypto/internal/subtle
  encoding
  internal/bytealg
  internal/testlog
  math
  server/engine/assets/css
  server/engine/assets/demo
  server/engine/assets/codebase
  server/engine/assets/img
  server/engine/assets/js
  server/engine/assets/js/core
  server/engine/assets/js/plugins
  google.golang.org/protobuf/internal/flags
  google.golang.org/protobuf/internal/set
  google.golang.org/grpc/attributes
  google.golang.org/grpc/serviceconfig
  image/color
  image/color/palette
  runtime
  internal/reflectlite
  vendor/golang.org/x/sys/cpu
  sync
  internal/singleflight
  google.golang.org/protobuf/internal/pragma
  google.golang.org/grpc/internal/buffer
  google.golang.org/grpc/internal/grpcsync
  math/rand
  errors
  sort
  internal/oserror
  io
  vendor/golang.org/x/net/dns/dnsmessage
  strconv
  syscall
  strings
  hash
  bytes
  text/tabwriter
  crypto/internal/randutil
  reflect
  crypto
  hash/crc32
  crypto/hmac
  crypto/rc4
  path
  bufio
  vendor/golang.org/x/text/transform
  vendor/golang.org/x/crypto/hkdf
  regexp/syntax
  html
  hash/fnv
  google.golang.org/grpc/encoding
  golang.org/x/text/transform
  image
  internal/syscall/windows/registry
  internal/syscall/windows
  hash/adler32
  time
  regexp
  internal/syscall/execenv
  image/internal/imageutil
  image/draw
  image/jpeg
  internal/fmtsort
  encoding/binary
  context
  internal/poll
  google.golang.org/grpc/backoff
  google.golang.org/grpc/internal/grpcrand
  google.golang.org/grpc/keepalive
  google.golang.org/grpc/internal/backoff
  github.com/vladimirok5959/golang-worker/worker
  google.golang.org/grpc/tap
  crypto/md5
  crypto/sha512
  crypto/ed25519/internal/edwards25519
  crypto/cipher
  crypto/sha1
  crypto/sha256
  encoding/base64
  os
  vendor/golang.org/x/crypto/poly1305
  golang.org/x/image/bmp
  encoding/pem
  crypto/aes
  crypto/des
  vendor/golang.org/x/crypto/chacha20
  golang.org/x/image/ccitt
  fmt
  path/filepath
  net
  os/signal
  google.golang.org/protobuf/internal/detrand
  google.golang.org/grpc/internal/envconfig
  vendor/golang.org/x/crypto/chacha20poly1305
  io/ioutil
  flag
  compress/flate
  net/url
  encoding/hex
  vendor/golang.org/x/crypto/curve25519
  math/big
  log
  vendor/golang.org/x/text/unicode/norm
  vendor/golang.org/x/text/unicode/bidi
  vendor/golang.org/x/net/http2/hpack
  mime
  mime/quotedprintable
  compress/gzip
  net/textproto
  net/http/internal
  gopkg.in/ini.v1
  vendor/golang.org/x/text/secure/bidirule
  encoding/json
  text/template/parse
  server/engine/gates
  database/sql/driver
  golang.org/x/net/internal/timeseries
  vendor/golang.org/x/net/idna
  google.golang.org/grpc/internal/grpclog
  database/sql
  google.golang.org/protobuf/internal/errors
  crypto/rand
  crypto/elliptic
  encoding/asn1
  crypto/dsa
  text/template
  crypto/ed25519
  crypto/rsa
  vendor/golang.org/x/net/http/httpguts
  vendor/golang.org/x/net/http/httpproxy
  mime/multipart
  github.com/google/uuid
  google.golang.org/grpc/grpclog
  vendor/golang.org/x/crypto/cryptobyte
  crypto/x509/pkix
  google.golang.org/protobuf/encoding/protowire
  go/token
  google.golang.org/protobuf/internal/version
  google.golang.org/grpc/connectivity
  google.golang.org/grpc/metadata
  google.golang.org/grpc/codes
  google.golang.org/protobuf/reflect/protoreflect
  golang.org/x/text/unicode/bidi
  golang.org/x/text/unicode/norm
  crypto/ecdsa
  golang.org/x/net/http2/hpack
  html/template
  google.golang.org/grpc/internal/balancerload
  google.golang.org/grpc/internal/grpcutil
  google.golang.org/grpc/internal/syscall
  google.golang.org/grpc/stats
  crypto/x509
  github.com/vladimirok5959/golang-ctrlc/ctrlc
  compress/zlib
  golang.org/x/image/tiff/lzw
  google.golang.org/protobuf/internal/encoding/messageset
  google.golang.org/protobuf/internal/strs
  server/engine/cblocks
  server/engine/consts
  google.golang.org/protobuf/internal/genid
  google.golang.org/protobuf/internal/order
  google.golang.org/protobuf/reflect/protoregistry
  google.golang.org/protobuf/runtime/protoiface
  google.golang.org/protobuf/internal/encoding/text
  google.golang.org/protobuf/internal/descfmt
  google.golang.org/protobuf/internal/descopts
  golang.org/x/text/secure/bidirule
  server/engine/gates/utils
  compress/lzw
  golang.org/x/image/tiff
  golang.org/x/net/idna
  crypto/tls
  image/png
  google.golang.org/protobuf/proto
  server/engine/config
  google.golang.org/protobuf/internal/encoding/defval
  image/gif
  golang.org/x/net/http/httpguts
  google.golang.org/protobuf/encoding/prototext
  google.golang.org/protobuf/internal/filedesc
  github.com/disintegration/imaging
  net/http/httptrace
  google.golang.org/grpc/internal/credentials
  net/smtp
  net/http
  google.golang.org/protobuf/internal/encoding/tag
  google.golang.org/protobuf/internal/impl
  github.com/golang/gddo/httputil/header
  golang.org/x/net/trace
  net/http/httputil
  github.com/vladimirok5959/golang-server-static/static
  github.com/vladimirok5959/golang-server-resources/resource
  golang.org/x/net/http2
  server/engine/session
  server/engine/bootstrap
  server/engine/assets
  google.golang.org/protobuf/internal/filetype
  server/engine/utils
  server/engine/domains
  server/engine/workers
  google.golang.org/protobuf/runtime/protoimpl
  server/engine/logger
  google.golang.org/protobuf/types/known/anypb
  google.golang.org/protobuf/types/known/durationpb
  google.golang.org/protobuf/types/known/timestamppb
  google.golang.org/protobuf/types/descriptorpb
  github.com/golang/protobuf/ptypes/duration
  github.com/golang/protobuf/ptypes/any
  github.com/golang/protobuf/ptypes/timestamp
  google.golang.org/protobuf/reflect/protodesc
  github.com/golang/protobuf/proto
  google.golang.org/grpc/encoding/proto
  google.golang.org/genproto/googleapis/rpc/status
  google.golang.org/grpc/credentials
  google.golang.org/grpc/binarylog/grpc_binarylog_v1
  github.com/golang/protobuf/ptypes
  google.golang.org/grpc/peer
  google.golang.org/grpc/credentials/insecure
  google.golang.org/grpc/resolver
  google.golang.org/grpc/internal/channelz
  google.golang.org/grpc/internal/status
  google.golang.org/grpc/balancer/grpclb/state
  google.golang.org/grpc/internal/transport/networktype
  google.golang.org/grpc/internal/resolver/passthrough
  google.golang.org/grpc/internal/metadata
  google.golang.org/grpc/internal
  google.golang.org/grpc/internal/resolver/dns
  google.golang.org/grpc/internal/resolver/unix
  google.golang.org/grpc/status
  google.golang.org/grpc/balancer
  google.golang.org/grpc/internal/binarylog
  google.golang.org/grpc/internal/serviceconfig
  google.golang.org/grpc/balancer/base
  google.golang.org/grpc/internal/transport
  google.golang.org/grpc/internal/resolver
  google.golang.org/grpc/balancer/roundrobin
  google.golang.org/grpc
  server/engine/gates/grpc/grpcgate
  server/engine/gates/grpc
  server/engine/wrapper
  server/engine/modules
  server/engine
  server
