C:\Program Files (x86)\MSBuild\Microsoft.Cpp\v4.0\V140\Microsoft.CppBuild.targets(392,5): warning MSB8028: The intermediate directory (x64\Debug\) contains files shared from another project (WebServer.vcxproj).  This can lead to incorrect clean and rebuild behavior.
  debug grps headers and sources
  internal/syscall/windows/sysdll
  runtime/internal/sys
  internal/race
  internal/unsafeheader
  unicode/utf16
  internal/cpu
  sync/atomic
  runtime/internal/atomic
  math/bits
  runtime/internal/math
  unicode/utf8
  unicode
  container/list
  crypto/internal/subtle
  crypto/subtle
  vendor/golang.org/x/crypto/cryptobyte/asn1
  internal/nettrace
  internal/testlog
  internal/bytealg
  vendor/golang.org/x/crypto/internal/subtle
  math
  server/engine/assets/demo
  server/engine/assets/css
  server/engine/assets/codebase
  server/engine/assets/img
  server/engine/assets/js
  server/engine/assets/js/core
  server/engine/assets/js/plugins
  encoding
  server/engine/assets/template
  google.golang.org/protobuf/internal/set
  google.golang.org/protobuf/internal/flags
  google.golang.org/grpc/serviceconfig
  runtime/cgo
  golang.org/x/net/html/atom
  golang.org/x/text/internal/utf8internal
  golang.org/x/text/encoding/internal/identifier
  image/color
  runtime
  image/color/palette
  vendor/golang.org/x/sys/cpu
  internal/reflectlite
  sync
  internal/singleflight
  math/rand
  google.golang.org/protobuf/internal/pragma
  google.golang.org/grpc/internal/buffer
  google.golang.org/grpc/internal/grpcsync
  errors
  sort
  internal/oserror
  io
  vendor/golang.org/x/net/dns/dnsmessage
  strconv
  golang.org/x/text/internal/tag
  syscall
  strings
  hash
  bytes
  crypto/internal/randutil
  hash/crc32
  crypto/hmac
  reflect
  crypto
  crypto/rc4
  vendor/golang.org/x/crypto/hkdf
  bufio
  vendor/golang.org/x/text/transform
  path
  html
  regexp/syntax
  text/tabwriter
  hash/fnv
  google.golang.org/grpc/encoding
  golang.org/x/text/transform
  image
  hash/adler32
  internal/syscall/windows
  internal/syscall/windows/registry
  regexp
  golang.org/x/text/encoding
  time
  golang.org/x/text/runes
  internal/syscall/execenv
  image/internal/imageutil
  golang.org/x/text/encoding/internal
  image/draw
  image/jpeg
  internal/fmtsort
  encoding/binary
  golang.org/x/text/encoding/charmap
  golang.org/x/text/encoding/japanese
  golang.org/x/text/encoding/korean
  golang.org/x/text/encoding/simplifiedchinese
  context
  golang.org/x/text/encoding/traditionalchinese
  internal/poll
  crypto/md5
  os
  crypto/cipher
  crypto/sha512
  crypto/ed25519/internal/edwards25519
  crypto/sha1
  crypto/sha256
  crypto/aes
  crypto/des
  encoding/base64
  fmt
  vendor/golang.org/x/crypto/chacha20
  net
  vendor/golang.org/x/crypto/poly1305
  path/filepath
  github.com/vladimirok5959/golang-worker/worker
  encoding/pem
  flag
  encoding/hex
  compress/flate
  math/big
  net/url
  vendor/golang.org/x/crypto/chacha20poly1305
  vendor/golang.org/x/crypto/curve25519
  io/ioutil
  log
  vendor/golang.org/x/text/unicode/norm
  compress/gzip
  net/textproto
  vendor/golang.org/x/text/unicode/bidi
  vendor/golang.org/x/net/http2/hpack
  mime
  mime/quotedprintable
  net/http/internal
  encoding/json
  text/template/parse
  server/engine/gates
  database/sql/driver
  golang.org/x/net/internal/timeseries
  google.golang.org/grpc/backoff
  google.golang.org/grpc/internal/grpclog
  vendor/golang.org/x/text/secure/bidirule
  database/sql
  google.golang.org/protobuf/internal/detrand
  crypto/rand
  crypto/elliptic
  encoding/asn1
  crypto/dsa
  text/template
  vendor/golang.org/x/net/idna
  server/engine/config
  google.golang.org/grpc/grpclog
  crypto/ed25519
  crypto/rsa
  vendor/golang.org/x/crypto/cryptobyte
  crypto/x509/pkix
  vendor/golang.org/x/net/http/httpguts
  vendor/golang.org/x/net/http/httpproxy
  mime/multipart
  html/template
  github.com/google/uuid
  google.golang.org/grpc/connectivity
  google.golang.org/protobuf/internal/errors
  google.golang.org/protobuf/encoding/protowire
  go/token
  google.golang.org/protobuf/internal/version
  github.com/mattn/go-sqlite3
  google.golang.org/grpc/attributes
  google.golang.org/grpc/internal
  google.golang.org/grpc/metadata
  crypto/ecdsa
  google.golang.org/protobuf/reflect/protoreflect
  google.golang.org/grpc/internal/grpcrand
  google.golang.org/grpc/codes
  google.golang.org/grpc/internal/envconfig
  google.golang.org/grpc/internal/balancerload
  crypto/x509
  google.golang.org/grpc/internal/backoff
  golang.org/x/text/unicode/bidi
  golang.org/x/text/unicode/norm
  golang.org/x/net/http2/hpack
  server/engine/consts
  server/engine/cblocks
  google.golang.org/grpc/internal/syscall
  google.golang.org/grpc/keepalive
  google.golang.org/grpc/stats
  google.golang.org/protobuf/reflect/protoregistry
  google.golang.org/protobuf/internal/strs
  google.golang.org/protobuf/internal/genid
  google.golang.org/protobuf/internal/mapsort
  google.golang.org/protobuf/internal/fieldsort
  google.golang.org/protobuf/runtime/protoiface
  google.golang.org/protobuf/internal/descfmt
  google.golang.org/protobuf/internal/descopts
  google.golang.org/protobuf/internal/encoding/messageset
  google.golang.org/protobuf/internal/encoding/text
  golang.org/x/text/secure/bidirule
  google.golang.org/grpc/tap
  server/engine/gates/utils
  google.golang.org/protobuf/proto
  crypto/tls
  encoding/xml
  golang.org/x/net/html
  golang.org/x/text/encoding/unicode
  golang.org/x/net/idna
  golang.org/x/text/internal/language
  google.golang.org/protobuf/internal/encoding/defval
  os/signal
  google.golang.org/protobuf/encoding/prototext
  golang.org/x/image/bmp
  net/http/httptrace
  net/smtp
  github.com/go-sql-driver/mysql
  google.golang.org/protobuf/internal/filedesc
  google.golang.org/grpc/internal/credentials
  net/http
  golang.org/x/net/http/httpguts
  github.com/vladimirok5959/golang-ctrlc/ctrlc
  golang.org/x/text/internal/language/compact
  compress/zlib
  golang.org/x/image/ccitt
  golang.org/x/image/tiff/lzw
  golang.org/x/text/language
  compress/lzw
  image/png
  golang.org/x/image/tiff
  image/gif
  google.golang.org/protobuf/internal/encoding/tag
  golang.org/x/text/encoding/htmlindex
  github.com/disintegration/imaging
  google.golang.org/protobuf/internal/impl
  golang.org/x/net/html/charset
  github.com/basgys/goxml2json
  github.com/vladimirok5959/golang-server-resources/resource
  github.com/vladimirok5959/golang-server-static/static
  github.com/golang/gddo/httputil/header
  net/http/httputil
  golang.org/x/net/trace
  golang.org/x/net/http2
  server/engine/session
  server/engine/bootstrap
  server/engine/assets
  google.golang.org/protobuf/internal/filetype
  server/engine/utils
  google.golang.org/protobuf/runtime/protoimpl
  google.golang.org/protobuf/types/known/anypb
  google.golang.org/protobuf/types/known/durationpb
  github.com/golang/protobuf/proto
  google.golang.org/protobuf/types/known/timestamppb
  google.golang.org/protobuf/types/known/emptypb
  server/engine/domains
  github.com/golang/protobuf/ptypes/empty
  github.com/golang/protobuf/ptypes/any
  github.com/golang/protobuf/ptypes/duration
  github.com/golang/protobuf/ptypes/timestamp
  server/engine/logger
  google.golang.org/genproto/googleapis/rpc/status
  google.golang.org/grpc/encoding/proto
  google.golang.org/grpc/binarylog/grpc_binarylog_v1
  google.golang.org/grpc/credentials
  github.com/golang/protobuf/ptypes
  google.golang.org/grpc/peer
  google.golang.org/grpc/resolver
  google.golang.org/grpc/internal/channelz
  google.golang.org/grpc/internal/status
  google.golang.org/grpc/balancer/grpclb/state
  google.golang.org/grpc/internal/resolver/passthrough
  google.golang.org/grpc/internal/grpcutil
  google.golang.org/grpc/balancer
  google.golang.org/grpc/internal/transport/networktype
  google.golang.org/grpc/status
  google.golang.org/grpc/internal/resolver/unix
  google.golang.org/grpc/internal/resolver/dns
  google.golang.org/grpc/balancer/base
  google.golang.org/grpc/internal/serviceconfig
  google.golang.org/grpc/internal/binarylog
  google.golang.org/grpc/internal/transport
  google.golang.org/grpc/internal/resolver
  google.golang.org/grpc/balancer/roundrobin
  google.golang.org/grpc
  server/engine/gates/license/licgate
  server/engine/gates/scd/scdgate
  server/engine/gates/license
  server/engine/gates/scd
  server/engine/sqlw
  server/engine/sqlpool
  server/support
  server/engine/wrapper
  server/engine/workers
  server/engine/builder
  server/engine/fetdata
  server/engine/modules
  server/engine
  server
