  protobuf headers, protobuf sources, protobuf headers, protobuf sources
  runtime/internal/sys
  internal/race
  unicode/utf16
  internal/unsafeheader
  internal/syscall/windows/sysdll
  sync/atomic
  runtime/internal/atomic
  internal/cpu
  math/bits
  unicode/utf8
  unicode
  runtime/internal/math
  container/list
  crypto/internal/subtle
  crypto/subtle
  vendor/golang.org/x/crypto/cryptobyte/asn1
  internal/nettrace
  vendor/golang.org/x/crypto/internal/subtle
  internal/testlog
  server/engine/assets/codebase
  server/engine/assets/css
  server/engine/assets/demo
  internal/bytealg
  server/engine/assets/js
  server/engine/assets/js/core
  server/engine/assets/img
  math
  server/engine/assets/js/plugins
  encoding
  golang.org/x/net/html/atom
  golang.org/x/text/encoding/internal/identifier
  golang.org/x/text/internal/utf8internal
  google.golang.org/protobuf/internal/flags
  google.golang.org/protobuf/internal/set
  google.golang.org/grpc/serviceconfig
  server/engine/assets/template
  image/color
  runtime/cgo
  image/color/palette
  runtime
  vendor/golang.org/x/sys/cpu
  internal/reflectlite
  sync
  math/rand
  internal/singleflight
  google.golang.org/protobuf/internal/pragma
  google.golang.org/grpc/internal/buffer
  google.golang.org/grpc/internal/grpcsync
  errors
  sort
  internal/oserror
  io
  vendor/golang.org/x/net/dns/dnsmessage
  strconv
  golang.org/x/text/internal/tag
  syscall
  strings
  hash
  crypto/internal/randutil
  bytes
  hash/crc32
  crypto/hmac
  reflect
  crypto
  crypto/rc4
  vendor/golang.org/x/crypto/hkdf
  bufio
  vendor/golang.org/x/text/transform
  path
  html
  golang.org/x/text/transform
  hash/fnv
  regexp/syntax
  golang.org/x/text/encoding
  golang.org/x/text/runes
  text/tabwriter
  google.golang.org/grpc/encoding
  golang.org/x/text/encoding/internal
  internal/syscall/windows/registry
  internal/syscall/windows
  image
  hash/adler32
  golang.org/x/text/encoding/charmap
  time
  golang.org/x/text/encoding/japanese
  internal/syscall/execenv
  golang.org/x/text/encoding/korean
  golang.org/x/text/encoding/simplifiedchinese
  golang.org/x/text/encoding/traditionalchinese
  internal/fmtsort
  context
  internal/poll
  encoding/binary
  golang.org/x/text/encoding/unicode
  github.com/vladimirok5959/golang-worker/worker
  regexp
  os
  google.golang.org/grpc/backoff
  google.golang.org/grpc/internal/grpcrand
  crypto/md5
  crypto/cipher
  crypto/sha512
  crypto/ed25519/internal/edwards25519
  crypto/sha1
  crypto/sha256
  encoding/base64
  crypto/aes
  crypto/des
  fmt
  net
  encoding/pem
  vendor/golang.org/x/crypto/chacha20
  vendor/golang.org/x/crypto/poly1305
  path/filepath
  google.golang.org/protobuf/internal/detrand
  google.golang.org/grpc/internal/backoff
  google.golang.org/grpc/internal/envconfig
  google.golang.org/grpc/keepalive
  google.golang.org/grpc/tap
  io/ioutil
  flag
  encoding/hex
  compress/flate
  net/url
  math/big
  vendor/golang.org/x/crypto/chacha20poly1305
  vendor/golang.org/x/crypto/curve25519
  log
  vendor/golang.org/x/text/unicode/norm
  vendor/golang.org/x/text/unicode/bidi
  compress/gzip
  vendor/golang.org/x/net/http2/hpack
  net/textproto
  mime
  mime/quotedprintable
  net/http/internal
  encoding/json
  vendor/golang.org/x/text/secure/bidirule
  text/template/parse
  encoding/xml
  golang.org/x/net/html
  golang.org/x/text/internal/language
  google.golang.org/protobuf/internal/errors
  vendor/golang.org/x/net/idna
  crypto/rand
  crypto/elliptic
  encoding/asn1
  crypto/dsa
  text/template
  server/engine/config
  crypto/ed25519
  crypto/rsa
  mime/multipart
  golang.org/x/text/internal/language/compact
  google.golang.org/protobuf/encoding/protowire
  vendor/golang.org/x/net/http/httpguts
  vendor/golang.org/x/net/http/httpproxy
  vendor/golang.org/x/crypto/cryptobyte
  crypto/x509/pkix
  google.golang.org/protobuf/reflect/protoreflect
  go/token
  google.golang.org/protobuf/internal/version
  golang.org/x/net/internal/timeseries
  golang.org/x/text/language
  html/template
  google.golang.org/grpc/internal/grpclog
  crypto/ecdsa
  google.golang.org/grpc/attributes
  google.golang.org/grpc/grpclog
  google.golang.org/grpc/metadata
  google.golang.org/grpc/codes
  golang.org/x/text/unicode/bidi
  google.golang.org/protobuf/internal/descfmt
  crypto/x509
  google.golang.org/protobuf/internal/descopts
  google.golang.org/protobuf/internal/strs
  golang.org/x/text/encoding/htmlindex
  google.golang.org/protobuf/internal/genid
  google.golang.org/protobuf/reflect/protoregistry
  google.golang.org/protobuf/internal/fieldsort
  google.golang.org/protobuf/internal/encoding/text
  google.golang.org/protobuf/internal/mapsort
  google.golang.org/protobuf/runtime/protoiface
  golang.org/x/net/html/charset
  server/engine/consts
  server/engine/cblocks
  google.golang.org/grpc/connectivity
  google.golang.org/protobuf/internal/encoding/messageset
  google.golang.org/grpc/internal/balancerload
  golang.org/x/text/secure/bidirule
  golang.org/x/text/unicode/norm
  github.com/basgys/goxml2json
  google.golang.org/protobuf/internal/encoding/defval
  google.golang.org/grpc/internal
  golang.org/x/net/http2/hpack
  google.golang.org/grpc/internal/syscall
  google.golang.org/protobuf/proto
  google.golang.org/grpc/stats
  server/engine/gates/utils
  database/sql/driver
  os/signal
  golang.org/x/image/bmp
  crypto/tls
  compress/zlib
  golang.org/x/image/ccitt
  golang.org/x/image/tiff/lzw
  image/internal/imageutil
  database/sql
  github.com/google/uuid
  github.com/vladimirok5959/golang-ctrlc/ctrlc
  image/draw
  golang.org/x/image/tiff
  google.golang.org/protobuf/internal/filedesc
  google.golang.org/protobuf/encoding/prototext
  golang.org/x/net/idna
  compress/lzw
  image/jpeg
  image/gif
  image/png
  github.com/mattn/go-sqlite3
  golang.org/x/net/http/httpguts
  github.com/disintegration/imaging
  google.golang.org/protobuf/internal/encoding/tag
  google.golang.org/protobuf/internal/impl
  net/http/httptrace
  net/smtp
  google.golang.org/grpc/internal/credentials
  github.com/go-sql-driver/mysql
  net/http
  google.golang.org/protobuf/internal/filetype
  google.golang.org/protobuf/runtime/protoimpl
  google.golang.org/protobuf/types/known/emptypb
  google.golang.org/protobuf/types/known/durationpb
  google.golang.org/protobuf/types/known/anypb
  google.golang.org/protobuf/types/known/timestamppb
  github.com/golang/protobuf/proto
  github.com/golang/protobuf/ptypes/empty
  github.com/golang/protobuf/ptypes/duration
  github.com/golang/protobuf/ptypes/any
  github.com/golang/protobuf/ptypes/timestamp
  github.com/vladimirok5959/golang-server-resources/resource
  github.com/vladimirok5959/golang-server-static/static
  golang.org/x/net/trace
  net/http/httputil
  github.com/golang/gddo/httputil/header
  server/engine/session
  golang.org/x/net/http2
  server/engine/assets
  google.golang.org/grpc/credentials
  google.golang.org/grpc/encoding/proto
  github.com/golang/protobuf/ptypes
  google.golang.org/grpc/binarylog/grpc_binarylog_v1
  google.golang.org/grpc/resolver
  google.golang.org/genproto/googleapis/rpc/status
  google.golang.org/grpc/internal/channelz
  google.golang.org/grpc/peer
  server/engine/utils
  google.golang.org/grpc/balancer
  google.golang.org/grpc/internal/grpcutil
  google.golang.org/grpc/internal/status
  google.golang.org/grpc/balancer/base
  google.golang.org/grpc/internal/serviceconfig
  google.golang.org/grpc/balancer/grpclb/state
  google.golang.org/grpc/internal/resolver/passthrough
  google.golang.org/grpc/internal/resolver/dns
  google.golang.org/grpc/internal/resolver
  google.golang.org/grpc/balancer/roundrobin
  google.golang.org/grpc/status
  google.golang.org/grpc/internal/transport/networktype
  server/engine/domains
  server/engine/logger
  google.golang.org/grpc/internal/resolver/unix
  server/engine/bootstrap
  google.golang.org/grpc/internal/binarylog
  google.golang.org/grpc/internal/transport
  google.golang.org/grpc
  server/engine/gates/mdx/scdgate
  server/engine/gates/mdx
  server/engine/sqlw
  server/engine/sqlpool
  server/support
  server/engine/wrapper
  server/engine/workers
  server/engine/builder
  server/engine/fetdata
  server/engine/modules
  server/engine
  server
